Create Post Error time: 2025-11-25 17:17:05.720315
Error: argument of type 'HttpUrl' is not iterable
Traceback:
Traceback (most recent call last):
  File "C:\Users\p-d0574\Desktop\develop\레퍼런스 저장소2\refepidia\backend\app_main.py", line 364, in create_post
    if not validate_youtube_url(post_data.url):
           ~~~~~~~~~~~~~~~~~~~~^^^^^^^^^^^^^^^
  File "C:\Users\p-d0574\Desktop\develop\레퍼런스 저장소2\refepidia\backend\youtube_service.py", line 156, in validate_youtube_url
    return any(pattern in url for pattern in valid_patterns)
  File "C:\Users\p-d0574\Desktop\develop\레퍼런스 저장소2\refepidia\backend\youtube_service.py", line 156, in <genexpr>
    return any(pattern in url for pattern in valid_patterns)
               ^^^^^^^^^^^^^^
TypeError: argument of type 'HttpUrl' is not iterable

--------------------------------------------------
Create Post Error time: 2025-11-25 17:17:17.550720
Error: argument of type 'HttpUrl' is not iterable
Traceback:
Traceback (most recent call last):
  File "C:\Users\p-d0574\Desktop\develop\레퍼런스 저장소2\refepidia\backend\app_main.py", line 364, in create_post
    if not validate_youtube_url(post_data.url):
           ~~~~~~~~~~~~~~~~~~~~^^^^^^^^^^^^^^^
  File "C:\Users\p-d0574\Desktop\develop\레퍼런스 저장소2\refepidia\backend\youtube_service.py", line 156, in validate_youtube_url
    return any(pattern in url for pattern in valid_patterns)
  File "C:\Users\p-d0574\Desktop\develop\레퍼런스 저장소2\refepidia\backend\youtube_service.py", line 156, in <genexpr>
    return any(pattern in url for pattern in valid_patterns)
               ^^^^^^^^^^^^^^
TypeError: argument of type 'HttpUrl' is not iterable

--------------------------------------------------
Create Post Error time: 2025-11-26 12:10:15.835450
Error: argument of type 'HttpUrl' is not iterable
Traceback:
Traceback (most recent call last):
  File "C:\Users\p-d0574\Desktop\develop\레퍼런스 저장소2\refepidia\backend\app_main.py", line 378, in create_post
    if not validate_youtube_url(post_data.url):
           ~~~~~~~~~~~~~~~~~~~~^^^^^^^^^^^^^^^
  File "C:\Users\p-d0574\Desktop\develop\레퍼런스 저장소2\refepidia\backend\youtube_service.py", line 156, in validate_youtube_url
    return any(pattern in url for pattern in valid_patterns)
  File "C:\Users\p-d0574\Desktop\develop\레퍼런스 저장소2\refepidia\backend\youtube_service.py", line 156, in <genexpr>
    return any(pattern in url for pattern in valid_patterns)
               ^^^^^^^^^^^^^^
TypeError: argument of type 'HttpUrl' is not iterable

--------------------------------------------------
Create Post Error time: 2025-11-26 12:11:46.358295
Error: argument of type 'HttpUrl' is not iterable
Traceback:
Traceback (most recent call last):
  File "C:\Users\p-d0574\Desktop\develop\레퍼런스 저장소2\refepidia\backend\app_main.py", line 378, in create_post
    if not validate_youtube_url(post_data.url):
           ~~~~~~~~~~~~~~~~~~~~^^^^^^^^^^^^^^^
  File "C:\Users\p-d0574\Desktop\develop\레퍼런스 저장소2\refepidia\backend\youtube_service.py", line 156, in validate_youtube_url
    return any(pattern in url for pattern in valid_patterns)
  File "C:\Users\p-d0574\Desktop\develop\레퍼런스 저장소2\refepidia\backend\youtube_service.py", line 156, in <genexpr>
    return any(pattern in url for pattern in valid_patterns)
               ^^^^^^^^^^^^^^
TypeError: argument of type 'HttpUrl' is not iterable

--------------------------------------------------
Create Post Error time: 2025-11-27 15:56:07.340828
Error: type object 'Post' has no attribute 'url'
Traceback:
Traceback (most recent call last):
  File "C:\Users\p-d0574\Desktop\develop\레퍼런스 저장소2\refepidia\backend\app_main.py", line 416, in create_post
    existing = db.query(DBPost).filter(DBPost.url == url_str).first()
                                       ^^^^^^^^^^
AttributeError: type object 'Post' has no attribute 'url'

--------------------------------------------------
Create Post Error time: 2025-11-27 16:03:47.734301
Error: 'thumbnail' is an invalid keyword argument for Post
Traceback:
Traceback (most recent call last):
  File "C:\Users\p-d0574\Desktop\develop\레퍼런스 저장소2\refepidia\backend\app_main.py", line 432, in create_post
    new_post = DBPost(
        url=url_str,
    ...<7 lines>...
        user_id=current_user.id
    )
  File "<string>", line 4, in __init__
  File "C:\Users\p-d0574\AppData\Local\Programs\Python\Python313\Lib\site-packages\sqlalchemy\orm\state.py", line 571, in _initialize_instance
    with util.safe_reraise():
         ~~~~~~~~~~~~~~~~~^^
  File "C:\Users\p-d0574\AppData\Local\Programs\Python\Python313\Lib\site-packages\sqlalchemy\util\langhelpers.py", line 224, in __exit__
    raise exc_value.with_traceback(exc_tb)
  File "C:\Users\p-d0574\AppData\Local\Programs\Python\Python313\Lib\site-packages\sqlalchemy\orm\state.py", line 569, in _initialize_instance
    manager.original_init(*mixed[1:], **kwargs)
    ~~~~~~~~~~~~~~~~~~~~~^^^^^^^^^^^^^^^^^^^^^^
  File "C:\Users\p-d0574\AppData\Local\Programs\Python\Python313\Lib\site-packages\sqlalchemy\orm\decl_base.py", line 2179, in _declarative_constructor
    raise TypeError(
        "%r is an invalid keyword argument for %s" % (k, cls_.__name__)
    )
TypeError: 'thumbnail' is an invalid keyword argument for Post

--------------------------------------------------
Create Post Error time: 2025-11-27 16:06:11.056530
Error: 'thumbnail' is an invalid keyword argument for Post
Traceback:
Traceback (most recent call last):
  File "C:\Users\p-d0574\Desktop\develop\레퍼런스 저장소2\refepidia\backend\app_main.py", line 433, in create_post
    new_post = DBPost(
        url=url_str,
    ...<7 lines>...
        user_id=current_user.id
    )
  File "<string>", line 4, in __init__
  File "C:\Users\p-d0574\AppData\Local\Programs\Python\Python313\Lib\site-packages\sqlalchemy\orm\state.py", line 571, in _initialize_instance
    with util.safe_reraise():
         ~~~~~~~~~~~~~~~~~^^
  File "C:\Users\p-d0574\AppData\Local\Programs\Python\Python313\Lib\site-packages\sqlalchemy\util\langhelpers.py", line 224, in __exit__
    raise exc_value.with_traceback(exc_tb)
  File "C:\Users\p-d0574\AppData\Local\Programs\Python\Python313\Lib\site-packages\sqlalchemy\orm\state.py", line 569, in _initialize_instance
    manager.original_init(*mixed[1:], **kwargs)
    ~~~~~~~~~~~~~~~~~~~~~^^^^^^^^^^^^^^^^^^^^^^
  File "C:\Users\p-d0574\AppData\Local\Programs\Python\Python313\Lib\site-packages\sqlalchemy\orm\decl_base.py", line 2179, in _declarative_constructor
    raise TypeError(
        "%r is an invalid keyword argument for %s" % (k, cls_.__name__)
    )
TypeError: 'thumbnail' is an invalid keyword argument for Post

--------------------------------------------------
Create Post Error time: 2025-11-27 16:08:01.553911
Error: 'user_id' is an invalid keyword argument for Post
Traceback:
Traceback (most recent call last):
  File "C:\Users\p-d0574\Desktop\develop\레퍼런스 저장소2\refepidia\backend\app_main.py", line 433, in create_post
    new_post = DBPost(
        url=url_str,
    ...<7 lines>...
        user_id=current_user.id
    )
  File "<string>", line 4, in __init__
  File "C:\Users\p-d0574\AppData\Local\Programs\Python\Python313\Lib\site-packages\sqlalchemy\orm\state.py", line 571, in _initialize_instance
    with util.safe_reraise():
         ~~~~~~~~~~~~~~~~~^^
  File "C:\Users\p-d0574\AppData\Local\Programs\Python\Python313\Lib\site-packages\sqlalchemy\util\langhelpers.py", line 224, in __exit__
    raise exc_value.with_traceback(exc_tb)
  File "C:\Users\p-d0574\AppData\Local\Programs\Python\Python313\Lib\site-packages\sqlalchemy\orm\state.py", line 569, in _initialize_instance
    manager.original_init(*mixed[1:], **kwargs)
    ~~~~~~~~~~~~~~~~~~~~~^^^^^^^^^^^^^^^^^^^^^^
  File "C:\Users\p-d0574\AppData\Local\Programs\Python\Python313\Lib\site-packages\sqlalchemy\orm\decl_base.py", line 2179, in _declarative_constructor
    raise TypeError(
        "%r is an invalid keyword argument for %s" % (k, cls_.__name__)
    )
TypeError: 'user_id' is an invalid keyword argument for Post

--------------------------------------------------
Error time: 2025-11-27 16:49:23.206012
Error: property 'primary_categories' of 'Post' object has no setter
Traceback:
Traceback (most recent call last):
  File "C:\Users\p-d0574\Desktop\develop\레퍼런스 저장소2\refepidia\backend\app_main.py", line 629, in update_post
    status_code=status.HTTP_500_INTERNAL_SERVER_ERROR,
    ^^^^^^^^^^^^^^^^^^^^^^^
AttributeError: property 'primary_categories' of 'Post' object has no setter

--------------------------------------------------
Error time: 2025-11-27 16:49:27.792085
Error: property 'primary_categories' of 'Post' object has no setter
Traceback:
Traceback (most recent call last):
  File "C:\Users\p-d0574\Desktop\develop\레퍼런스 저장소2\refepidia\backend\app_main.py", line 629, in update_post
    status_code=status.HTTP_500_INTERNAL_SERVER_ERROR,
    ^^^^^^^^^^^^^^^^^^^^^^^
AttributeError: property 'primary_categories' of 'Post' object has no setter

--------------------------------------------------
Error time: 2025-11-27 16:49:41.730780
Error: property 'primary_categories' of 'Post' object has no setter
Traceback:
Traceback (most recent call last):
  File "C:\Users\p-d0574\Desktop\develop\레퍼런스 저장소2\refepidia\backend\app_main.py", line 629, in update_post
    status_code=status.HTTP_500_INTERNAL_SERVER_ERROR,
    ^^^^^^^^^^^^^^^^^^^^^^^
AttributeError: property 'primary_categories' of 'Post' object has no setter

--------------------------------------------------
Error time: 2025-11-27 16:50:00.958996
Error: property 'primary_categories' of 'Post' object has no setter
Traceback:
Traceback (most recent call last):
  File "C:\Users\p-d0574\Desktop\develop\레퍼런스 저장소2\refepidia\backend\app_main.py", line 629, in update_post
    status_code=status.HTTP_500_INTERNAL_SERVER_ERROR,
    ^^^^^^^^^^^^^^^^^^^^^^^
AttributeError: property 'primary_categories' of 'Post' object has no setter

--------------------------------------------------
Error time: 2025-11-27 16:53:03.229234
Error: property 'primary_categories' of 'Post' object has no setter
Traceback:
Traceback (most recent call last):
  File "C:\Users\p-d0574\Desktop\develop\레퍼런스 저장소2\refepidia\backend\app_main.py", line 629, in update_post
    f.write("-" * 50 + "\n")
    ^^^^^^^^^^^^^^^^^^^^^^^
AttributeError: property 'primary_categories' of 'Post' object has no setter

--------------------------------------------------
Error time: 2025-11-27 16:53:14.442521
Error: property 'primary_categories' of 'Post' object has no setter
Traceback:
Traceback (most recent call last):
  File "C:\Users\p-d0574\Desktop\develop\레퍼런스 저장소2\refepidia\backend\app_main.py", line 629, in update_post
    f.write("-" * 50 + "\n")
    ^^^^^^^^^^^^^^^^^^^^^^^
AttributeError: property 'primary_categories' of 'Post' object has no setter

--------------------------------------------------
Error time: 2025-11-27 16:53:20.961873
Error: property 'primary_categories' of 'Post' object has no setter
Traceback:
Traceback (most recent call last):
  File "C:\Users\p-d0574\Desktop\develop\레퍼런스 저장소2\refepidia\backend\app_main.py", line 629, in update_post
    f.write("-" * 50 + "\n")
    ^^^^^^^^^^^^^^^^^^^^^^^
AttributeError: property 'primary_categories' of 'Post' object has no setter

--------------------------------------------------
Error time: 2025-11-27 16:53:24.562844
Error: property 'primary_categories' of 'Post' object has no setter
Traceback:
Traceback (most recent call last):
  File "C:\Users\p-d0574\Desktop\develop\레퍼런스 저장소2\refepidia\backend\app_main.py", line 629, in update_post
    f.write("-" * 50 + "\n")
    ^^^^^^^^^^^^^^^^^^^^^^^
AttributeError: property 'primary_categories' of 'Post' object has no setter

--------------------------------------------------
