Create Post Error time: 2025-11-25 17:17:05.720315
Error: argument of type 'HttpUrl' is not iterable
Traceback:
Traceback (most recent call last):
  File "C:\Users\p-d0574\Desktop\develop\레퍼런스 저장소2\refepidia\backend\app_main.py", line 364, in create_post
    if not validate_youtube_url(post_data.url):
           ~~~~~~~~~~~~~~~~~~~~^^^^^^^^^^^^^^^
  File "C:\Users\p-d0574\Desktop\develop\레퍼런스 저장소2\refepidia\backend\youtube_service.py", line 156, in validate_youtube_url
    return any(pattern in url for pattern in valid_patterns)
  File "C:\Users\p-d0574\Desktop\develop\레퍼런스 저장소2\refepidia\backend\youtube_service.py", line 156, in <genexpr>
    return any(pattern in url for pattern in valid_patterns)
               ^^^^^^^^^^^^^^
TypeError: argument of type 'HttpUrl' is not iterable

--------------------------------------------------
Create Post Error time: 2025-11-25 17:17:17.550720
Error: argument of type 'HttpUrl' is not iterable
Traceback:
Traceback (most recent call last):
  File "C:\Users\p-d0574\Desktop\develop\레퍼런스 저장소2\refepidia\backend\app_main.py", line 364, in create_post
    if not validate_youtube_url(post_data.url):
           ~~~~~~~~~~~~~~~~~~~~^^^^^^^^^^^^^^^
  File "C:\Users\p-d0574\Desktop\develop\레퍼런스 저장소2\refepidia\backend\youtube_service.py", line 156, in validate_youtube_url
    return any(pattern in url for pattern in valid_patterns)
  File "C:\Users\p-d0574\Desktop\develop\레퍼런스 저장소2\refepidia\backend\youtube_service.py", line 156, in <genexpr>
    return any(pattern in url for pattern in valid_patterns)
               ^^^^^^^^^^^^^^
TypeError: argument of type 'HttpUrl' is not iterable

--------------------------------------------------
Create Post Error time: 2025-11-26 12:10:15.835450
Error: argument of type 'HttpUrl' is not iterable
Traceback:
Traceback (most recent call last):
  File "C:\Users\p-d0574\Desktop\develop\레퍼런스 저장소2\refepidia\backend\app_main.py", line 378, in create_post
    if not validate_youtube_url(post_data.url):
           ~~~~~~~~~~~~~~~~~~~~^^^^^^^^^^^^^^^
  File "C:\Users\p-d0574\Desktop\develop\레퍼런스 저장소2\refepidia\backend\youtube_service.py", line 156, in validate_youtube_url
    return any(pattern in url for pattern in valid_patterns)
  File "C:\Users\p-d0574\Desktop\develop\레퍼런스 저장소2\refepidia\backend\youtube_service.py", line 156, in <genexpr>
    return any(pattern in url for pattern in valid_patterns)
               ^^^^^^^^^^^^^^
TypeError: argument of type 'HttpUrl' is not iterable

--------------------------------------------------
Create Post Error time: 2025-11-26 12:11:46.358295
Error: argument of type 'HttpUrl' is not iterable
Traceback:
Traceback (most recent call last):
  File "C:\Users\p-d0574\Desktop\develop\레퍼런스 저장소2\refepidia\backend\app_main.py", line 378, in create_post
    if not validate_youtube_url(post_data.url):
           ~~~~~~~~~~~~~~~~~~~~^^^^^^^^^^^^^^^
  File "C:\Users\p-d0574\Desktop\develop\레퍼런스 저장소2\refepidia\backend\youtube_service.py", line 156, in validate_youtube_url
    return any(pattern in url for pattern in valid_patterns)
  File "C:\Users\p-d0574\Desktop\develop\레퍼런스 저장소2\refepidia\backend\youtube_service.py", line 156, in <genexpr>
    return any(pattern in url for pattern in valid_patterns)
               ^^^^^^^^^^^^^^
TypeError: argument of type 'HttpUrl' is not iterable

--------------------------------------------------
Create Post Error time: 2025-11-28 16:02:03.905585
Error: (sqlite3.OperationalError) no such column: posts.primary_categories
[SQL: SELECT posts.id AS posts_id, posts.url AS posts_url, posts.title AS posts_title, posts.thumbnail AS posts_thumbnail, posts.platform AS posts_platform, posts.video_type AS posts_video_type, posts.primary_categories AS posts_primary_categories, posts.secondary_categories AS posts_secondary_categories, posts.memo AS posts_memo, posts.user_id AS posts_user_id, posts.created_at AS posts_created_at, posts.updated_at AS posts_updated_at 
FROM posts 
WHERE posts.url = ?
 LIMIT ? OFFSET ?]
[parameters: ('https://www.youtube.com/watch?v=6qyQqxPsz20&t=2244s', 1, 0)]
(Background on this error at: https://sqlalche.me/e/20/e3q8)
Traceback:
Traceback (most recent call last):
  File "C:\Users\p-d0574\AppData\Local\Programs\Python\Python313\Lib\site-packages\sqlalchemy\engine\base.py", line 1967, in _exec_single_context
    self.dialect.do_execute(
    ~~~~~~~~~~~~~~~~~~~~~~~^
        cursor, str_statement, effective_parameters, context
        ^^^^^^^^^^^^^^^^^^^^^^^^^^^^^^^^^^^^^^^^^^^^^^^^^^^^
    )
    ^
  File "C:\Users\p-d0574\AppData\Local\Programs\Python\Python313\Lib\site-packages\sqlalchemy\engine\default.py", line 951, in do_execute
    cursor.execute(statement, parameters)
    ~~~~~~~~~~~~~~^^^^^^^^^^^^^^^^^^^^^^^
sqlite3.OperationalError: no such column: posts.primary_categories

The above exception was the direct cause of the following exception:

Traceback (most recent call last):
  File "C:\Users\p-d0574\Desktop\develop\레퍼런스 저장소2\refepidia\backend\app_main.py", line 416, in create_post
    existing = db.query(DBPost).filter(DBPost.url == url_str).first()
  File "C:\Users\p-d0574\AppData\Local\Programs\Python\Python313\Lib\site-packages\sqlalchemy\orm\query.py", line 2759, in first
    return self.limit(1)._iter().first()  # type: ignore
           ~~~~~~~~~~~~~~~~~~~^^
  File "C:\Users\p-d0574\AppData\Local\Programs\Python\Python313\Lib\site-packages\sqlalchemy\orm\query.py", line 2857, in _iter
    result: Union[ScalarResult[_T], Result[_T]] = self.session.execute(
                                                  ~~~~~~~~~~~~~~~~~~~~^
        statement,
        ^^^^^^^^^^
        params,
        ^^^^^^^
        execution_options={"_sa_orm_load_options": self.load_options},
        ^^^^^^^^^^^^^^^^^^^^^^^^^^^^^^^^^^^^^^^^^^^^^^^^^^^^^^^^^^^^^^
    )
    ^
  File "C:\Users\p-d0574\AppData\Local\Programs\Python\Python313\Lib\site-packages\sqlalchemy\orm\session.py", line 2351, in execute
    return self._execute_internal(
           ~~~~~~~~~~~~~~~~~~~~~~^
        statement,
        ^^^^^^^^^^
    ...<4 lines>...
        _add_event=_add_event,
        ^^^^^^^^^^^^^^^^^^^^^^
    )
    ^
  File "C:\Users\p-d0574\AppData\Local\Programs\Python\Python313\Lib\site-packages\sqlalchemy\orm\session.py", line 2249, in _execute_internal
    result: Result[Any] = compile_state_cls.orm_execute_statement(
                          ~~~~~~~~~~~~~~~~~~~~~~~~~~~~~~~~~~~~~~~^
        self,
        ^^^^^
    ...<4 lines>...
        conn,
        ^^^^^
    )
    ^
  File "C:\Users\p-d0574\AppData\Local\Programs\Python\Python313\Lib\site-packages\sqlalchemy\orm\context.py", line 306, in orm_execute_statement
    result = conn.execute(
        statement, params or {}, execution_options=execution_options
    )
  File "C:\Users\p-d0574\AppData\Local\Programs\Python\Python313\Lib\site-packages\sqlalchemy\engine\base.py", line 1419, in execute
    return meth(
        self,
        distilled_parameters,
        execution_options or NO_OPTIONS,
    )
  File "C:\Users\p-d0574\AppData\Local\Programs\Python\Python313\Lib\site-packages\sqlalchemy\sql\elements.py", line 526, in _execute_on_connection
    return connection._execute_clauseelement(
           ~~~~~~~~~~~~~~~~~~~~~~~~~~~~~~~~~^
        self, distilled_params, execution_options
        ^^^^^^^^^^^^^^^^^^^^^^^^^^^^^^^^^^^^^^^^^
    )
    ^
  File "C:\Users\p-d0574\AppData\Local\Programs\Python\Python313\Lib\site-packages\sqlalchemy\engine\base.py", line 1641, in _execute_clauseelement
    ret = self._execute_context(
        dialect,
    ...<8 lines>...
        cache_hit=cache_hit,
    )
  File "C:\Users\p-d0574\AppData\Local\Programs\Python\Python313\Lib\site-packages\sqlalchemy\engine\base.py", line 1846, in _execute_context
    return self._exec_single_context(
           ~~~~~~~~~~~~~~~~~~~~~~~~~^
        dialect, context, statement, parameters
        ^^^^^^^^^^^^^^^^^^^^^^^^^^^^^^^^^^^^^^^
    )
    ^
  File "C:\Users\p-d0574\AppData\Local\Programs\Python\Python313\Lib\site-packages\sqlalchemy\engine\base.py", line 1986, in _exec_single_context
    self._handle_dbapi_exception(
    ~~~~~~~~~~~~~~~~~~~~~~~~~~~~^
        e, str_statement, effective_parameters, cursor, context
        ^^^^^^^^^^^^^^^^^^^^^^^^^^^^^^^^^^^^^^^^^^^^^^^^^^^^^^^
    )
    ^
  File "C:\Users\p-d0574\AppData\Local\Programs\Python\Python313\Lib\site-packages\sqlalchemy\engine\base.py", line 2355, in _handle_dbapi_exception
    raise sqlalchemy_exception.with_traceback(exc_info[2]) from e
  File "C:\Users\p-d0574\AppData\Local\Programs\Python\Python313\Lib\site-packages\sqlalchemy\engine\base.py", line 1967, in _exec_single_context
    self.dialect.do_execute(
    ~~~~~~~~~~~~~~~~~~~~~~~^
        cursor, str_statement, effective_parameters, context
        ^^^^^^^^^^^^^^^^^^^^^^^^^^^^^^^^^^^^^^^^^^^^^^^^^^^^
    )
    ^
  File "C:\Users\p-d0574\AppData\Local\Programs\Python\Python313\Lib\site-packages\sqlalchemy\engine\default.py", line 951, in do_execute
    cursor.execute(statement, parameters)
    ~~~~~~~~~~~~~~^^^^^^^^^^^^^^^^^^^^^^^
sqlalchemy.exc.OperationalError: (sqlite3.OperationalError) no such column: posts.primary_categories
[SQL: SELECT posts.id AS posts_id, posts.url AS posts_url, posts.title AS posts_title, posts.thumbnail AS posts_thumbnail, posts.platform AS posts_platform, posts.video_type AS posts_video_type, posts.primary_categories AS posts_primary_categories, posts.secondary_categories AS posts_secondary_categories, posts.memo AS posts_memo, posts.user_id AS posts_user_id, posts.created_at AS posts_created_at, posts.updated_at AS posts_updated_at 
FROM posts 
WHERE posts.url = ?
 LIMIT ? OFFSET ?]
[parameters: ('https://www.youtube.com/watch?v=6qyQqxPsz20&t=2244s', 1, 0)]
(Background on this error at: https://sqlalche.me/e/20/e3q8)

--------------------------------------------------
Create Post Error time: 2025-11-28 16:02:28.147524
Error: (sqlite3.OperationalError) no such column: posts.primary_categories
[SQL: SELECT posts.id AS posts_id, posts.url AS posts_url, posts.title AS posts_title, posts.thumbnail AS posts_thumbnail, posts.platform AS posts_platform, posts.video_type AS posts_video_type, posts.primary_categories AS posts_primary_categories, posts.secondary_categories AS posts_secondary_categories, posts.memo AS posts_memo, posts.user_id AS posts_user_id, posts.created_at AS posts_created_at, posts.updated_at AS posts_updated_at 
FROM posts 
WHERE posts.url = ?
 LIMIT ? OFFSET ?]
[parameters: ('https://www.youtube.com/watch?v=Nd3fFecv5Lw', 1, 0)]
(Background on this error at: https://sqlalche.me/e/20/e3q8)
Traceback:
Traceback (most recent call last):
  File "C:\Users\p-d0574\AppData\Local\Programs\Python\Python313\Lib\site-packages\sqlalchemy\engine\base.py", line 1967, in _exec_single_context
    self.dialect.do_execute(
    ~~~~~~~~~~~~~~~~~~~~~~~^
        cursor, str_statement, effective_parameters, context
        ^^^^^^^^^^^^^^^^^^^^^^^^^^^^^^^^^^^^^^^^^^^^^^^^^^^^
    )
    ^
  File "C:\Users\p-d0574\AppData\Local\Programs\Python\Python313\Lib\site-packages\sqlalchemy\engine\default.py", line 951, in do_execute
    cursor.execute(statement, parameters)
    ~~~~~~~~~~~~~~^^^^^^^^^^^^^^^^^^^^^^^
sqlite3.OperationalError: no such column: posts.primary_categories

The above exception was the direct cause of the following exception:

Traceback (most recent call last):
  File "C:\Users\p-d0574\Desktop\develop\레퍼런스 저장소2\refepidia\backend\app_main.py", line 416, in create_post
    existing = db.query(DBPost).filter(DBPost.url == url_str).first()
  File "C:\Users\p-d0574\AppData\Local\Programs\Python\Python313\Lib\site-packages\sqlalchemy\orm\query.py", line 2759, in first
    return self.limit(1)._iter().first()  # type: ignore
           ~~~~~~~~~~~~~~~~~~~^^
  File "C:\Users\p-d0574\AppData\Local\Programs\Python\Python313\Lib\site-packages\sqlalchemy\orm\query.py", line 2857, in _iter
    result: Union[ScalarResult[_T], Result[_T]] = self.session.execute(
                                                  ~~~~~~~~~~~~~~~~~~~~^
        statement,
        ^^^^^^^^^^
        params,
        ^^^^^^^
        execution_options={"_sa_orm_load_options": self.load_options},
        ^^^^^^^^^^^^^^^^^^^^^^^^^^^^^^^^^^^^^^^^^^^^^^^^^^^^^^^^^^^^^^
    )
    ^
  File "C:\Users\p-d0574\AppData\Local\Programs\Python\Python313\Lib\site-packages\sqlalchemy\orm\session.py", line 2351, in execute
    return self._execute_internal(
           ~~~~~~~~~~~~~~~~~~~~~~^
        statement,
        ^^^^^^^^^^
    ...<4 lines>...
        _add_event=_add_event,
        ^^^^^^^^^^^^^^^^^^^^^^
    )
    ^
  File "C:\Users\p-d0574\AppData\Local\Programs\Python\Python313\Lib\site-packages\sqlalchemy\orm\session.py", line 2249, in _execute_internal
    result: Result[Any] = compile_state_cls.orm_execute_statement(
                          ~~~~~~~~~~~~~~~~~~~~~~~~~~~~~~~~~~~~~~~^
        self,
        ^^^^^
    ...<4 lines>...
        conn,
        ^^^^^
    )
    ^
  File "C:\Users\p-d0574\AppData\Local\Programs\Python\Python313\Lib\site-packages\sqlalchemy\orm\context.py", line 306, in orm_execute_statement
    result = conn.execute(
        statement, params or {}, execution_options=execution_options
    )
  File "C:\Users\p-d0574\AppData\Local\Programs\Python\Python313\Lib\site-packages\sqlalchemy\engine\base.py", line 1419, in execute
    return meth(
        self,
        distilled_parameters,
        execution_options or NO_OPTIONS,
    )
  File "C:\Users\p-d0574\AppData\Local\Programs\Python\Python313\Lib\site-packages\sqlalchemy\sql\elements.py", line 526, in _execute_on_connection
    return connection._execute_clauseelement(
           ~~~~~~~~~~~~~~~~~~~~~~~~~~~~~~~~~^
        self, distilled_params, execution_options
        ^^^^^^^^^^^^^^^^^^^^^^^^^^^^^^^^^^^^^^^^^
    )
    ^
  File "C:\Users\p-d0574\AppData\Local\Programs\Python\Python313\Lib\site-packages\sqlalchemy\engine\base.py", line 1641, in _execute_clauseelement
    ret = self._execute_context(
        dialect,
    ...<8 lines>...
        cache_hit=cache_hit,
    )
  File "C:\Users\p-d0574\AppData\Local\Programs\Python\Python313\Lib\site-packages\sqlalchemy\engine\base.py", line 1846, in _execute_context
    return self._exec_single_context(
           ~~~~~~~~~~~~~~~~~~~~~~~~~^
        dialect, context, statement, parameters
        ^^^^^^^^^^^^^^^^^^^^^^^^^^^^^^^^^^^^^^^
    )
    ^
  File "C:\Users\p-d0574\AppData\Local\Programs\Python\Python313\Lib\site-packages\sqlalchemy\engine\base.py", line 1986, in _exec_single_context
    self._handle_dbapi_exception(
    ~~~~~~~~~~~~~~~~~~~~~~~~~~~~^
        e, str_statement, effective_parameters, cursor, context
        ^^^^^^^^^^^^^^^^^^^^^^^^^^^^^^^^^^^^^^^^^^^^^^^^^^^^^^^
    )
    ^
  File "C:\Users\p-d0574\AppData\Local\Programs\Python\Python313\Lib\site-packages\sqlalchemy\engine\base.py", line 2355, in _handle_dbapi_exception
    raise sqlalchemy_exception.with_traceback(exc_info[2]) from e
  File "C:\Users\p-d0574\AppData\Local\Programs\Python\Python313\Lib\site-packages\sqlalchemy\engine\base.py", line 1967, in _exec_single_context
    self.dialect.do_execute(
    ~~~~~~~~~~~~~~~~~~~~~~~^
        cursor, str_statement, effective_parameters, context
        ^^^^^^^^^^^^^^^^^^^^^^^^^^^^^^^^^^^^^^^^^^^^^^^^^^^^
    )
    ^
  File "C:\Users\p-d0574\AppData\Local\Programs\Python\Python313\Lib\site-packages\sqlalchemy\engine\default.py", line 951, in do_execute
    cursor.execute(statement, parameters)
    ~~~~~~~~~~~~~~^^^^^^^^^^^^^^^^^^^^^^^
sqlalchemy.exc.OperationalError: (sqlite3.OperationalError) no such column: posts.primary_categories
[SQL: SELECT posts.id AS posts_id, posts.url AS posts_url, posts.title AS posts_title, posts.thumbnail AS posts_thumbnail, posts.platform AS posts_platform, posts.video_type AS posts_video_type, posts.primary_categories AS posts_primary_categories, posts.secondary_categories AS posts_secondary_categories, posts.memo AS posts_memo, posts.user_id AS posts_user_id, posts.created_at AS posts_created_at, posts.updated_at AS posts_updated_at 
FROM posts 
WHERE posts.url = ?
 LIMIT ? OFFSET ?]
[parameters: ('https://www.youtube.com/watch?v=Nd3fFecv5Lw', 1, 0)]
(Background on this error at: https://sqlalche.me/e/20/e3q8)

--------------------------------------------------
Create Post Error time: 2025-11-28 16:04:54.502002
Error: (sqlite3.OperationalError) no such column: posts.primary_categories
[SQL: SELECT posts.id AS posts_id, posts.url AS posts_url, posts.title AS posts_title, posts.thumbnail AS posts_thumbnail, posts.platform AS posts_platform, posts.video_type AS posts_video_type, posts.primary_categories AS posts_primary_categories, posts.secondary_categories AS posts_secondary_categories, posts.memo AS posts_memo, posts.user_id AS posts_user_id, posts.created_at AS posts_created_at, posts.updated_at AS posts_updated_at 
FROM posts 
WHERE posts.url = ?
 LIMIT ? OFFSET ?]
[parameters: ('https://www.youtube.com/shorts/ai_ZF-2y0qw', 1, 0)]
(Background on this error at: https://sqlalche.me/e/20/e3q8)
Traceback:
Traceback (most recent call last):
  File "C:\Users\p-d0574\AppData\Local\Programs\Python\Python313\Lib\site-packages\sqlalchemy\engine\base.py", line 1967, in _exec_single_context
    self.dialect.do_execute(
    ~~~~~~~~~~~~~~~~~~~~~~~^
        cursor, str_statement, effective_parameters, context
        ^^^^^^^^^^^^^^^^^^^^^^^^^^^^^^^^^^^^^^^^^^^^^^^^^^^^
    )
    ^
  File "C:\Users\p-d0574\AppData\Local\Programs\Python\Python313\Lib\site-packages\sqlalchemy\engine\default.py", line 951, in do_execute
    cursor.execute(statement, parameters)
    ~~~~~~~~~~~~~~^^^^^^^^^^^^^^^^^^^^^^^
sqlite3.OperationalError: no such column: posts.primary_categories

The above exception was the direct cause of the following exception:

Traceback (most recent call last):
  File "C:\Users\p-d0574\Desktop\develop\레퍼런스 저장소2\refepidia\backend\app_main.py", line 419, in create_post
    existing = db.query(DBPost).filter(DBPost.url == url_str).first()
  File "C:\Users\p-d0574\AppData\Local\Programs\Python\Python313\Lib\site-packages\sqlalchemy\orm\query.py", line 2759, in first
    return self.limit(1)._iter().first()  # type: ignore
           ~~~~~~~~~~~~~~~~~~~^^
  File "C:\Users\p-d0574\AppData\Local\Programs\Python\Python313\Lib\site-packages\sqlalchemy\orm\query.py", line 2857, in _iter
    result: Union[ScalarResult[_T], Result[_T]] = self.session.execute(
                                                  ~~~~~~~~~~~~~~~~~~~~^
        statement,
        ^^^^^^^^^^
        params,
        ^^^^^^^
        execution_options={"_sa_orm_load_options": self.load_options},
        ^^^^^^^^^^^^^^^^^^^^^^^^^^^^^^^^^^^^^^^^^^^^^^^^^^^^^^^^^^^^^^
    )
    ^
  File "C:\Users\p-d0574\AppData\Local\Programs\Python\Python313\Lib\site-packages\sqlalchemy\orm\session.py", line 2351, in execute
    return self._execute_internal(
           ~~~~~~~~~~~~~~~~~~~~~~^
        statement,
        ^^^^^^^^^^
    ...<4 lines>...
        _add_event=_add_event,
        ^^^^^^^^^^^^^^^^^^^^^^
    )
    ^
  File "C:\Users\p-d0574\AppData\Local\Programs\Python\Python313\Lib\site-packages\sqlalchemy\orm\session.py", line 2249, in _execute_internal
    result: Result[Any] = compile_state_cls.orm_execute_statement(
                          ~~~~~~~~~~~~~~~~~~~~~~~~~~~~~~~~~~~~~~~^
        self,
        ^^^^^
    ...<4 lines>...
        conn,
        ^^^^^
    )
    ^
  File "C:\Users\p-d0574\AppData\Local\Programs\Python\Python313\Lib\site-packages\sqlalchemy\orm\context.py", line 306, in orm_execute_statement
    result = conn.execute(
        statement, params or {}, execution_options=execution_options
    )
  File "C:\Users\p-d0574\AppData\Local\Programs\Python\Python313\Lib\site-packages\sqlalchemy\engine\base.py", line 1419, in execute
    return meth(
        self,
        distilled_parameters,
        execution_options or NO_OPTIONS,
    )
  File "C:\Users\p-d0574\AppData\Local\Programs\Python\Python313\Lib\site-packages\sqlalchemy\sql\elements.py", line 526, in _execute_on_connection
    return connection._execute_clauseelement(
           ~~~~~~~~~~~~~~~~~~~~~~~~~~~~~~~~~^
        self, distilled_params, execution_options
        ^^^^^^^^^^^^^^^^^^^^^^^^^^^^^^^^^^^^^^^^^
    )
    ^
  File "C:\Users\p-d0574\AppData\Local\Programs\Python\Python313\Lib\site-packages\sqlalchemy\engine\base.py", line 1641, in _execute_clauseelement
    ret = self._execute_context(
        dialect,
    ...<8 lines>...
        cache_hit=cache_hit,
    )
  File "C:\Users\p-d0574\AppData\Local\Programs\Python\Python313\Lib\site-packages\sqlalchemy\engine\base.py", line 1846, in _execute_context
    return self._exec_single_context(
           ~~~~~~~~~~~~~~~~~~~~~~~~~^
        dialect, context, statement, parameters
        ^^^^^^^^^^^^^^^^^^^^^^^^^^^^^^^^^^^^^^^
    )
    ^
  File "C:\Users\p-d0574\AppData\Local\Programs\Python\Python313\Lib\site-packages\sqlalchemy\engine\base.py", line 1986, in _exec_single_context
    self._handle_dbapi_exception(
    ~~~~~~~~~~~~~~~~~~~~~~~~~~~~^
        e, str_statement, effective_parameters, cursor, context
        ^^^^^^^^^^^^^^^^^^^^^^^^^^^^^^^^^^^^^^^^^^^^^^^^^^^^^^^
    )
    ^
  File "C:\Users\p-d0574\AppData\Local\Programs\Python\Python313\Lib\site-packages\sqlalchemy\engine\base.py", line 2355, in _handle_dbapi_exception
    raise sqlalchemy_exception.with_traceback(exc_info[2]) from e
  File "C:\Users\p-d0574\AppData\Local\Programs\Python\Python313\Lib\site-packages\sqlalchemy\engine\base.py", line 1967, in _exec_single_context
    self.dialect.do_execute(
    ~~~~~~~~~~~~~~~~~~~~~~~^
        cursor, str_statement, effective_parameters, context
        ^^^^^^^^^^^^^^^^^^^^^^^^^^^^^^^^^^^^^^^^^^^^^^^^^^^^
    )
    ^
  File "C:\Users\p-d0574\AppData\Local\Programs\Python\Python313\Lib\site-packages\sqlalchemy\engine\default.py", line 951, in do_execute
    cursor.execute(statement, parameters)
    ~~~~~~~~~~~~~~^^^^^^^^^^^^^^^^^^^^^^^
sqlalchemy.exc.OperationalError: (sqlite3.OperationalError) no such column: posts.primary_categories
[SQL: SELECT posts.id AS posts_id, posts.url AS posts_url, posts.title AS posts_title, posts.thumbnail AS posts_thumbnail, posts.platform AS posts_platform, posts.video_type AS posts_video_type, posts.primary_categories AS posts_primary_categories, posts.secondary_categories AS posts_secondary_categories, posts.memo AS posts_memo, posts.user_id AS posts_user_id, posts.created_at AS posts_created_at, posts.updated_at AS posts_updated_at 
FROM posts 
WHERE posts.url = ?
 LIMIT ? OFFSET ?]
[parameters: ('https://www.youtube.com/shorts/ai_ZF-2y0qw', 1, 0)]
(Background on this error at: https://sqlalche.me/e/20/e3q8)

--------------------------------------------------
Create Post Error time: 2025-11-28 16:28:00.582974
Error: (sqlite3.OperationalError) no such column: posts.user_id
[SQL: SELECT posts.id AS posts_id, posts.url AS posts_url, posts.title AS posts_title, posts.thumbnail AS posts_thumbnail, posts.platform AS posts_platform, posts.video_type AS posts_video_type, posts.primary_categories AS posts_primary_categories, posts.secondary_categories AS posts_secondary_categories, posts.memo AS posts_memo, posts.user_id AS posts_user_id, posts.created_at AS posts_created_at, posts.updated_at AS posts_updated_at 
FROM posts 
WHERE posts.url = ?
 LIMIT ? OFFSET ?]
[parameters: ('https://www.youtube.com/watch?v=ocpGfxJ_S1g', 1, 0)]
(Background on this error at: https://sqlalche.me/e/20/e3q8)
Traceback:
Traceback (most recent call last):
  File "C:\Users\p-d0574\AppData\Local\Programs\Python\Python313\Lib\site-packages\sqlalchemy\engine\base.py", line 1967, in _exec_single_context
    self.dialect.do_execute(
    ~~~~~~~~~~~~~~~~~~~~~~~^
        cursor, str_statement, effective_parameters, context
        ^^^^^^^^^^^^^^^^^^^^^^^^^^^^^^^^^^^^^^^^^^^^^^^^^^^^
    )
    ^
  File "C:\Users\p-d0574\AppData\Local\Programs\Python\Python313\Lib\site-packages\sqlalchemy\engine\default.py", line 951, in do_execute
    cursor.execute(statement, parameters)
    ~~~~~~~~~~~~~~^^^^^^^^^^^^^^^^^^^^^^^
sqlite3.OperationalError: no such column: posts.user_id

The above exception was the direct cause of the following exception:

Traceback (most recent call last):
  File "C:\Users\p-d0574\Desktop\develop\레퍼런스 저장소2\refepidia\backend\app_main.py", line 421, in create_post
    existing = db.query(DBPost).filter(DBPost.url == url_str).first()
  File "C:\Users\p-d0574\AppData\Local\Programs\Python\Python313\Lib\site-packages\sqlalchemy\orm\query.py", line 2759, in first
    return self.limit(1)._iter().first()  # type: ignore
           ~~~~~~~~~~~~~~~~~~~^^
  File "C:\Users\p-d0574\AppData\Local\Programs\Python\Python313\Lib\site-packages\sqlalchemy\orm\query.py", line 2857, in _iter
    result: Union[ScalarResult[_T], Result[_T]] = self.session.execute(
                                                  ~~~~~~~~~~~~~~~~~~~~^
        statement,
        ^^^^^^^^^^
        params,
        ^^^^^^^
        execution_options={"_sa_orm_load_options": self.load_options},
        ^^^^^^^^^^^^^^^^^^^^^^^^^^^^^^^^^^^^^^^^^^^^^^^^^^^^^^^^^^^^^^
    )
    ^
  File "C:\Users\p-d0574\AppData\Local\Programs\Python\Python313\Lib\site-packages\sqlalchemy\orm\session.py", line 2351, in execute
    return self._execute_internal(
           ~~~~~~~~~~~~~~~~~~~~~~^
        statement,
        ^^^^^^^^^^
    ...<4 lines>...
        _add_event=_add_event,
        ^^^^^^^^^^^^^^^^^^^^^^
    )
    ^
  File "C:\Users\p-d0574\AppData\Local\Programs\Python\Python313\Lib\site-packages\sqlalchemy\orm\session.py", line 2249, in _execute_internal
    result: Result[Any] = compile_state_cls.orm_execute_statement(
                          ~~~~~~~~~~~~~~~~~~~~~~~~~~~~~~~~~~~~~~~^
        self,
        ^^^^^
    ...<4 lines>...
        conn,
        ^^^^^
    )
    ^
  File "C:\Users\p-d0574\AppData\Local\Programs\Python\Python313\Lib\site-packages\sqlalchemy\orm\context.py", line 306, in orm_execute_statement
    result = conn.execute(
        statement, params or {}, execution_options=execution_options
    )
  File "C:\Users\p-d0574\AppData\Local\Programs\Python\Python313\Lib\site-packages\sqlalchemy\engine\base.py", line 1419, in execute
    return meth(
        self,
        distilled_parameters,
        execution_options or NO_OPTIONS,
    )
  File "C:\Users\p-d0574\AppData\Local\Programs\Python\Python313\Lib\site-packages\sqlalchemy\sql\elements.py", line 526, in _execute_on_connection
    return connection._execute_clauseelement(
           ~~~~~~~~~~~~~~~~~~~~~~~~~~~~~~~~~^
        self, distilled_params, execution_options
        ^^^^^^^^^^^^^^^^^^^^^^^^^^^^^^^^^^^^^^^^^
    )
    ^
  File "C:\Users\p-d0574\AppData\Local\Programs\Python\Python313\Lib\site-packages\sqlalchemy\engine\base.py", line 1641, in _execute_clauseelement
    ret = self._execute_context(
        dialect,
    ...<8 lines>...
        cache_hit=cache_hit,
    )
  File "C:\Users\p-d0574\AppData\Local\Programs\Python\Python313\Lib\site-packages\sqlalchemy\engine\base.py", line 1846, in _execute_context
    return self._exec_single_context(
           ~~~~~~~~~~~~~~~~~~~~~~~~~^
        dialect, context, statement, parameters
        ^^^^^^^^^^^^^^^^^^^^^^^^^^^^^^^^^^^^^^^
    )
    ^
  File "C:\Users\p-d0574\AppData\Local\Programs\Python\Python313\Lib\site-packages\sqlalchemy\engine\base.py", line 1986, in _exec_single_context
    self._handle_dbapi_exception(
    ~~~~~~~~~~~~~~~~~~~~~~~~~~~~^
        e, str_statement, effective_parameters, cursor, context
        ^^^^^^^^^^^^^^^^^^^^^^^^^^^^^^^^^^^^^^^^^^^^^^^^^^^^^^^
    )
    ^
  File "C:\Users\p-d0574\AppData\Local\Programs\Python\Python313\Lib\site-packages\sqlalchemy\engine\base.py", line 2355, in _handle_dbapi_exception
    raise sqlalchemy_exception.with_traceback(exc_info[2]) from e
  File "C:\Users\p-d0574\AppData\Local\Programs\Python\Python313\Lib\site-packages\sqlalchemy\engine\base.py", line 1967, in _exec_single_context
    self.dialect.do_execute(
    ~~~~~~~~~~~~~~~~~~~~~~~^
        cursor, str_statement, effective_parameters, context
        ^^^^^^^^^^^^^^^^^^^^^^^^^^^^^^^^^^^^^^^^^^^^^^^^^^^^
    )
    ^
  File "C:\Users\p-d0574\AppData\Local\Programs\Python\Python313\Lib\site-packages\sqlalchemy\engine\default.py", line 951, in do_execute
    cursor.execute(statement, parameters)
    ~~~~~~~~~~~~~~^^^^^^^^^^^^^^^^^^^^^^^
sqlalchemy.exc.OperationalError: (sqlite3.OperationalError) no such column: posts.user_id
[SQL: SELECT posts.id AS posts_id, posts.url AS posts_url, posts.title AS posts_title, posts.thumbnail AS posts_thumbnail, posts.platform AS posts_platform, posts.video_type AS posts_video_type, posts.primary_categories AS posts_primary_categories, posts.secondary_categories AS posts_secondary_categories, posts.memo AS posts_memo, posts.user_id AS posts_user_id, posts.created_at AS posts_created_at, posts.updated_at AS posts_updated_at 
FROM posts 
WHERE posts.url = ?
 LIMIT ? OFFSET ?]
[parameters: ('https://www.youtube.com/watch?v=ocpGfxJ_S1g', 1, 0)]
(Background on this error at: https://sqlalche.me/e/20/e3q8)

--------------------------------------------------
Create Post Error time: 2025-11-28 16:32:03.121236
Error: (sqlite3.OperationalError) no such column: posts.user_id
[SQL: SELECT posts.id AS posts_id, posts.url AS posts_url, posts.title AS posts_title, posts.thumbnail AS posts_thumbnail, posts.platform AS posts_platform, posts.video_type AS posts_video_type, posts.primary_categories AS posts_primary_categories, posts.secondary_categories AS posts_secondary_categories, posts.memo AS posts_memo, posts.user_id AS posts_user_id, posts.created_at AS posts_created_at, posts.updated_at AS posts_updated_at 
FROM posts 
WHERE posts.url = ?
 LIMIT ? OFFSET ?]
[parameters: ('https://www.youtube.com/watch?v=ocpGfxJ_S1g', 1, 0)]
(Background on this error at: https://sqlalche.me/e/20/e3q8)
Traceback:
Traceback (most recent call last):
  File "C:\Users\p-d0574\AppData\Local\Programs\Python\Python313\Lib\site-packages\sqlalchemy\engine\base.py", line 1967, in _exec_single_context
    self.dialect.do_execute(
    ~~~~~~~~~~~~~~~~~~~~~~~^
        cursor, str_statement, effective_parameters, context
        ^^^^^^^^^^^^^^^^^^^^^^^^^^^^^^^^^^^^^^^^^^^^^^^^^^^^
    )
    ^
  File "C:\Users\p-d0574\AppData\Local\Programs\Python\Python313\Lib\site-packages\sqlalchemy\engine\default.py", line 951, in do_execute
    cursor.execute(statement, parameters)
    ~~~~~~~~~~~~~~^^^^^^^^^^^^^^^^^^^^^^^
sqlite3.OperationalError: no such column: posts.user_id

The above exception was the direct cause of the following exception:

Traceback (most recent call last):
  File "C:\Users\p-d0574\Desktop\develop\레퍼런스 저장소2\refepidia\backend\app_main.py", line 421, in create_post
    existing = db.query(DBPost).filter(DBPost.url == url_str).first()
  File "C:\Users\p-d0574\AppData\Local\Programs\Python\Python313\Lib\site-packages\sqlalchemy\orm\query.py", line 2759, in first
    return self.limit(1)._iter().first()  # type: ignore
           ~~~~~~~~~~~~~~~~~~~^^
  File "C:\Users\p-d0574\AppData\Local\Programs\Python\Python313\Lib\site-packages\sqlalchemy\orm\query.py", line 2857, in _iter
    result: Union[ScalarResult[_T], Result[_T]] = self.session.execute(
                                                  ~~~~~~~~~~~~~~~~~~~~^
        statement,
        ^^^^^^^^^^
        params,
        ^^^^^^^
        execution_options={"_sa_orm_load_options": self.load_options},
        ^^^^^^^^^^^^^^^^^^^^^^^^^^^^^^^^^^^^^^^^^^^^^^^^^^^^^^^^^^^^^^
    )
    ^
  File "C:\Users\p-d0574\AppData\Local\Programs\Python\Python313\Lib\site-packages\sqlalchemy\orm\session.py", line 2351, in execute
    return self._execute_internal(
           ~~~~~~~~~~~~~~~~~~~~~~^
        statement,
        ^^^^^^^^^^
    ...<4 lines>...
        _add_event=_add_event,
        ^^^^^^^^^^^^^^^^^^^^^^
    )
    ^
  File "C:\Users\p-d0574\AppData\Local\Programs\Python\Python313\Lib\site-packages\sqlalchemy\orm\session.py", line 2249, in _execute_internal
    result: Result[Any] = compile_state_cls.orm_execute_statement(
                          ~~~~~~~~~~~~~~~~~~~~~~~~~~~~~~~~~~~~~~~^
        self,
        ^^^^^
    ...<4 lines>...
        conn,
        ^^^^^
    )
    ^
  File "C:\Users\p-d0574\AppData\Local\Programs\Python\Python313\Lib\site-packages\sqlalchemy\orm\context.py", line 306, in orm_execute_statement
    result = conn.execute(
        statement, params or {}, execution_options=execution_options
    )
  File "C:\Users\p-d0574\AppData\Local\Programs\Python\Python313\Lib\site-packages\sqlalchemy\engine\base.py", line 1419, in execute
    return meth(
        self,
        distilled_parameters,
        execution_options or NO_OPTIONS,
    )
  File "C:\Users\p-d0574\AppData\Local\Programs\Python\Python313\Lib\site-packages\sqlalchemy\sql\elements.py", line 526, in _execute_on_connection
    return connection._execute_clauseelement(
           ~~~~~~~~~~~~~~~~~~~~~~~~~~~~~~~~~^
        self, distilled_params, execution_options
        ^^^^^^^^^^^^^^^^^^^^^^^^^^^^^^^^^^^^^^^^^
    )
    ^
  File "C:\Users\p-d0574\AppData\Local\Programs\Python\Python313\Lib\site-packages\sqlalchemy\engine\base.py", line 1641, in _execute_clauseelement
    ret = self._execute_context(
        dialect,
    ...<8 lines>...
        cache_hit=cache_hit,
    )
  File "C:\Users\p-d0574\AppData\Local\Programs\Python\Python313\Lib\site-packages\sqlalchemy\engine\base.py", line 1846, in _execute_context
    return self._exec_single_context(
           ~~~~~~~~~~~~~~~~~~~~~~~~~^
        dialect, context, statement, parameters
        ^^^^^^^^^^^^^^^^^^^^^^^^^^^^^^^^^^^^^^^
    )
    ^
  File "C:\Users\p-d0574\AppData\Local\Programs\Python\Python313\Lib\site-packages\sqlalchemy\engine\base.py", line 1986, in _exec_single_context
    self._handle_dbapi_exception(
    ~~~~~~~~~~~~~~~~~~~~~~~~~~~~^
        e, str_statement, effective_parameters, cursor, context
        ^^^^^^^^^^^^^^^^^^^^^^^^^^^^^^^^^^^^^^^^^^^^^^^^^^^^^^^
    )
    ^
  File "C:\Users\p-d0574\AppData\Local\Programs\Python\Python313\Lib\site-packages\sqlalchemy\engine\base.py", line 2355, in _handle_dbapi_exception
    raise sqlalchemy_exception.with_traceback(exc_info[2]) from e
  File "C:\Users\p-d0574\AppData\Local\Programs\Python\Python313\Lib\site-packages\sqlalchemy\engine\base.py", line 1967, in _exec_single_context
    self.dialect.do_execute(
    ~~~~~~~~~~~~~~~~~~~~~~~^
        cursor, str_statement, effective_parameters, context
        ^^^^^^^^^^^^^^^^^^^^^^^^^^^^^^^^^^^^^^^^^^^^^^^^^^^^
    )
    ^
  File "C:\Users\p-d0574\AppData\Local\Programs\Python\Python313\Lib\site-packages\sqlalchemy\engine\default.py", line 951, in do_execute
    cursor.execute(statement, parameters)
    ~~~~~~~~~~~~~~^^^^^^^^^^^^^^^^^^^^^^^
sqlalchemy.exc.OperationalError: (sqlite3.OperationalError) no such column: posts.user_id
[SQL: SELECT posts.id AS posts_id, posts.url AS posts_url, posts.title AS posts_title, posts.thumbnail AS posts_thumbnail, posts.platform AS posts_platform, posts.video_type AS posts_video_type, posts.primary_categories AS posts_primary_categories, posts.secondary_categories AS posts_secondary_categories, posts.memo AS posts_memo, posts.user_id AS posts_user_id, posts.created_at AS posts_created_at, posts.updated_at AS posts_updated_at 
FROM posts 
WHERE posts.url = ?
 LIMIT ? OFFSET ?]
[parameters: ('https://www.youtube.com/watch?v=ocpGfxJ_S1g', 1, 0)]
(Background on this error at: https://sqlalche.me/e/20/e3q8)

--------------------------------------------------
